{"D:\\Programing\\workspace\\my_projects\\chrome-extensions\\youtube-rewind-fastforward-buttons\\src\\content\\content.ts": {"path":"D:\\Programing\\workspace\\my_projects\\chrome-extensions\\youtube-rewind-fastforward-buttons\\src\\content\\content.ts","statementMap":{"0":{"start":{"line":1,"column":0},"end":{"line":1,"column":null}},"1":{"start":{"line":2,"column":2},"end":{"line":2,"column":null}},"2":{"start":{"line":3,"column":2},"end":{"line":3,"column":null}},"3":{"start":{"line":24,"column":15},"end":{"line":27,"column":2}},"4":{"start":{"line":29,"column":34},"end":{"line":32,"column":2}},"5":{"start":{"line":34,"column":0},"end":{"line":34,"column":null}},"6":{"start":{"line":35,"column":2},"end":{"line":35,"column":null}},"7":{"start":{"line":36,"column":2},"end":{"line":36,"column":null}},"8":{"start":{"line":37,"column":2},"end":{"line":37,"column":null}},"9":{"start":{"line":42,"column":27},"end":{"line":42,"column":29}},"10":{"start":{"line":42,"column":34},"end":{"line":42,"column":36}},"11":{"start":{"line":42,"column":38},"end":{"line":42,"column":57}},"12":{"start":{"line":43,"column":36},"end":{"line":43,"column":68}},"13":{"start":{"line":44,"column":2},"end":{"line":44,"column":37}},"14":{"start":{"line":45,"column":2},"end":{"line":45,"column":47}},"15":{"start":{"line":46,"column":2},"end":{"line":46,"column":25}},"16":{"start":{"line":47,"column":2},"end":{"line":47,"column":23}},"17":{"start":{"line":48,"column":2},"end":{"line":48,"column":43}},"18":{"start":{"line":49,"column":2},"end":{"line":51,"column":null}},"19":{"start":{"line":50,"column":4},"end":{"line":50,"column":19}},"20":{"start":{"line":52,"column":2},"end":{"line":52,"column":16}},"21":{"start":{"line":444,"column":2},"end":{"line":444,"column":14}},"22":{"start":{"line":56,"column":31},"end":{"line":63,"column":25}},"23":{"start":{"line":64,"column":39},"end":{"line":64,"column":69}},"24":{"start":{"line":65,"column":2},"end":{"line":69,"column":null}},"25":{"start":{"line":66,"column":4},"end":{"line":66,"column":30}},"26":{"start":{"line":68,"column":4},"end":{"line":68,"column":60}},"27":{"start":{"line":73,"column":2},"end":{"line":80,"column":null}},"28":{"start":{"line":75,"column":6},"end":{"line":75,"column":35}},"29":{"start":{"line":77,"column":6},"end":{"line":77,"column":36}},"30":{"start":{"line":79,"column":6},"end":{"line":79,"column":15}},"31":{"start":{"line":83,"column":34},"end":{"line":83,"column":36}},"32":{"start":{"line":83,"column":41},"end":{"line":83,"column":43}},"33":{"start":{"line":83,"column":53},"end":{"line":83,"column":69}},"34":{"start":{"line":84,"column":2},"end":{"line":88,"column":null}},"35":{"start":{"line":85,"column":4},"end":{"line":85,"column":33}},"36":{"start":{"line":86,"column":9},"end":{"line":88,"column":null}},"37":{"start":{"line":87,"column":4},"end":{"line":87,"column":33}},"38":{"start":{"line":92,"column":9},"end":{"line":92,"column":null}},"39":{"start":{"line":93,"column":7},"end":{"line":93,"column":null}},"40":{"start":{"line":94,"column":12},"end":{"line":94,"column":null}},"41":{"start":{"line":96,"column":2},"end":{"line":100,"column":null}},"42":{"start":{"line":97,"column":4},"end":{"line":97,"column":28}},"43":{"start":{"line":99,"column":4},"end":{"line":99,"column":52}},"44":{"start":{"line":113,"column":2},"end":{"line":118,"column":4}},"45":{"start":{"line":445,"column":2},"end":{"line":445,"column":26}},"46":{"start":{"line":126,"column":2},"end":{"line":128,"column":null}},"47":{"start":{"line":127,"column":4},"end":{"line":127,"column":11}},"48":{"start":{"line":129,"column":2},"end":{"line":129,"column":25}},"49":{"start":{"line":130,"column":2},"end":{"line":134,"column":5}},"50":{"start":{"line":141,"column":41},"end":{"line":142,"column":null}},"51":{"start":{"line":145,"column":2},"end":{"line":147,"column":null}},"52":{"start":{"line":146,"column":4},"end":{"line":146,"column":55}},"53":{"start":{"line":149,"column":50},"end":{"line":149,"column":75}},"54":{"start":{"line":150,"column":53},"end":{"line":151,"column":null}},"55":{"start":{"line":154,"column":2},"end":{"line":156,"column":null}},"56":{"start":{"line":155,"column":4},"end":{"line":155,"column":55}},"57":{"start":{"line":158,"column":2},"end":{"line":161,"column":4}},"58":{"start":{"line":446,"column":2},"end":{"line":446,"column":34}},"59":{"start":{"line":169,"column":4},"end":{"line":169,"column":38}},"60":{"start":{"line":168,"column":26},"end":{"line":168,"column":45}},"61":{"start":{"line":168,"column":53},"end":{"line":168,"column":null}},"62":{"start":{"line":173,"column":4},"end":{"line":173,"column":40}},"63":{"start":{"line":175,"column":2},"end":{"line":178,"column":null}},"64":{"start":{"line":176,"column":4},"end":{"line":176,"column":52}},"65":{"start":{"line":177,"column":4},"end":{"line":177,"column":11}},"66":{"start":{"line":180,"column":40},"end":{"line":180,"column":72}},"67":{"start":{"line":182,"column":4},"end":{"line":182,"column":70}},"68":{"start":{"line":183,"column":31},"end":{"line":183,"column":48}},"69":{"start":{"line":185,"column":4},"end":{"line":185,"column":68}},"70":{"start":{"line":188,"column":2},"end":{"line":188,"column":48}},"71":{"start":{"line":189,"column":2},"end":{"line":189,"column":47}},"72":{"start":{"line":190,"column":2},"end":{"line":190,"column":51}},"73":{"start":{"line":191,"column":2},"end":{"line":191,"column":55}},"74":{"start":{"line":192,"column":2},"end":{"line":192,"column":56}},"75":{"start":{"line":193,"column":2},"end":{"line":193,"column":44}},"76":{"start":{"line":194,"column":2},"end":{"line":194,"column":57}},"77":{"start":{"line":195,"column":2},"end":{"line":195,"column":74}},"78":{"start":{"line":196,"column":2},"end":{"line":196,"column":43}},"79":{"start":{"line":197,"column":2},"end":{"line":197,"column":56}},"80":{"start":{"line":198,"column":2},"end":{"line":198,"column":34}},"81":{"start":{"line":201,"column":2},"end":{"line":201,"column":18}},"82":{"start":{"line":209,"column":4},"end":{"line":209,"column":38}},"83":{"start":{"line":208,"column":26},"end":{"line":208,"column":45}},"84":{"start":{"line":208,"column":53},"end":{"line":208,"column":null}},"85":{"start":{"line":211,"column":24},"end":{"line":211,"column":42}},"86":{"start":{"line":214,"column":2},"end":{"line":214,"column":42}},"87":{"start":{"line":215,"column":2},"end":{"line":215,"column":55}},"88":{"start":{"line":216,"column":2},"end":{"line":216,"column":50}},"89":{"start":{"line":217,"column":2},"end":{"line":217,"column":21}},"90":{"start":{"line":221,"column":8},"end":{"line":225,"column":4}},"91":{"start":{"line":228,"column":45},"end":{"line":230,"column":25}},"92":{"start":{"line":228,"column":10},"end":{"line":230,"column":null}},"93":{"start":{"line":232,"column":10},"end":{"line":232,"column":78}},"94":{"start":{"line":233,"column":10},"end":{"line":233,"column":80}},"95":{"start":{"line":235,"column":4},"end":{"line":244,"column":6}},"96":{"start":{"line":246,"column":4},"end":{"line":246,"column":25}},"97":{"start":{"line":247,"column":4},"end":{"line":247,"column":26}},"98":{"start":{"line":256,"column":2},"end":{"line":264,"column":2}},"99":{"start":{"line":251,"column":0},"end":{"line":251,"column":16}},"100":{"start":{"line":272,"column":2},"end":{"line":280,"column":2}},"101":{"start":{"line":442,"column":2},"end":{"line":442,"column":19}},"102":{"start":{"line":288,"column":4},"end":{"line":288,"column":62}},"103":{"start":{"line":289,"column":2},"end":{"line":289,"column":46}},"104":{"start":{"line":447,"column":2},"end":{"line":447,"column":22}},"105":{"start":{"line":297,"column":4},"end":{"line":297,"column":63}},"106":{"start":{"line":298,"column":2},"end":{"line":298,"column":49}},"107":{"start":{"line":448,"column":2},"end":{"line":448,"column":23}},"108":{"start":{"line":309,"column":64},"end":{"line":309,"column":72}},"109":{"start":{"line":310,"column":53},"end":{"line":310,"column":65}},"110":{"start":{"line":313,"column":46},"end":{"line":317,"column":4}},"111":{"start":{"line":318,"column":47},"end":{"line":322,"column":4}},"112":{"start":{"line":325,"column":2},"end":{"line":331,"column":4}},"113":{"start":{"line":326,"column":4},"end":{"line":330,"column":null}},"114":{"start":{"line":332,"column":2},"end":{"line":338,"column":4}},"115":{"start":{"line":333,"column":4},"end":{"line":337,"column":null}},"116":{"start":{"line":339,"column":2},"end":{"line":339,"column":76}},"117":{"start":{"line":340,"column":2},"end":{"line":340,"column":77}},"118":{"start":{"line":341,"column":2},"end":{"line":341,"column":77}},"119":{"start":{"line":342,"column":2},"end":{"line":342,"column":78}},"120":{"start":{"line":344,"column":2},"end":{"line":344,"column":49}},"121":{"start":{"line":449,"column":2},"end":{"line":449,"column":12}},"122":{"start":{"line":348,"column":28},"end":{"line":348,"column":null}},"123":{"start":{"line":348,"column":8},"end":{"line":348,"column":null}},"124":{"start":{"line":349,"column":2},"end":{"line":349,"column":33}},"125":{"start":{"line":350,"column":8},"end":{"line":350,"column":76}},"126":{"start":{"line":351,"column":8},"end":{"line":353,"column":4}},"127":{"start":{"line":356,"column":2},"end":{"line":395,"column":null}},"128":{"start":{"line":357,"column":10},"end":{"line":358,"column":72}},"129":{"start":{"line":360,"column":4},"end":{"line":363,"column":null}},"130":{"start":{"line":361,"column":6},"end":{"line":361,"column":43}},"131":{"start":{"line":362,"column":6},"end":{"line":362,"column":13}},"132":{"start":{"line":366,"column":10},"end":{"line":368,"column":6}},"133":{"start":{"line":369,"column":10},"end":{"line":372,"column":6}},"134":{"start":{"line":373,"column":10},"end":{"line":375,"column":9}},"135":{"start":{"line":377,"column":10},"end":{"line":377,"column":52}},"136":{"start":{"line":388,"column":4},"end":{"line":388,"column":74}},"137":{"start":{"line":389,"column":4},"end":{"line":389,"column":73}},"138":{"start":{"line":390,"column":4},"end":{"line":394,"column":6}},"139":{"start":{"line":392,"column":17},"end":{"line":392,"column":null}},"140":{"start":{"line":347,"column":0},"end":{"line":347,"column":22}},"141":{"start":{"line":399,"column":64},"end":{"line":399,"column":75}},"142":{"start":{"line":401,"column":23},"end":{"line":402,"column":null}},"143":{"start":{"line":404,"column":24},"end":{"line":405,"column":null}},"144":{"start":{"line":408,"column":2},"end":{"line":408,"column":79}},"145":{"start":{"line":409,"column":2},"end":{"line":412,"column":4}},"146":{"start":{"line":415,"column":0},"end":{"line":436,"column":2}},"147":{"start":{"line":417,"column":51},"end":{"line":420,"column":12}},"148":{"start":{"line":421,"column":50},"end":{"line":424,"column":12}},"149":{"start":{"line":426,"column":33},"end":{"line":432,"column":6}},"150":{"start":{"line":433,"column":4},"end":{"line":433,"column":38}},"151":{"start":{"line":434,"column":4},"end":{"line":434,"column":30}},"152":{"start":{"line":438,"column":0},"end":{"line":438,"column":6}}},"fnMap":{"0":{"name":"(anonymous_17)","decl":{"start":{"line":1,"column":0},"end":{"line":1,"column":5}},"loc":{"start":{"line":1,"column":13},"end":{"line":4,"column":1}}},"1":{"name":"(anonymous_18)","decl":{"start":{"line":34,"column":0},"end":{"line":34,"column":5}},"loc":{"start":{"line":34,"column":21},"end":{"line":38,"column":1}}},"2":{"name":"createButton","decl":{"start":{"line":42,"column":9},"end":{"line":42,"column":21}},"loc":{"start":{"line":42,"column":57},"end":{"line":53,"column":1}}},"3":{"name":"simulateKey","decl":{"start":{"line":55,"column":9},"end":{"line":55,"column":20}},"loc":{"start":{"line":55,"column":34},"end":{"line":70,"column":1}}},"4":{"name":"getSeconds","decl":{"start":{"line":72,"column":9},"end":{"line":72,"column":19}},"loc":{"start":{"line":72,"column":57},"end":{"line":81,"column":1}}},"5":{"name":"updateVideoTime","decl":{"start":{"line":83,"column":9},"end":{"line":83,"column":24}},"loc":{"start":{"line":83,"column":69},"end":{"line":89,"column":1}}},"6":{"name":"handleArrowButtons","decl":{"start":{"line":91,"column":9},"end":{"line":91,"column":27}},"loc":{"start":{"line":95,"column":15},"end":{"line":101,"column":1}}},"7":{"name":"isShouldSkipOverrideKeys","decl":{"start":{"line":109,"column":9},"end":{"line":109,"column":33}},"loc":{"start":{"line":111,"column":19},"end":{"line":119,"column":1}}},"8":{"name":"overrideArrowKeys","decl":{"start":{"line":121,"column":9},"end":{"line":121,"column":26}},"loc":{"start":{"line":124,"column":25},"end":{"line":135,"column":1}}},"9":{"name":"getElementsForTooltipCalculation","decl":{"start":{"line":137,"column":9},"end":{"line":137,"column":41}},"loc":{"start":{"line":137,"column":41},"end":{"line":162,"column":1}}},"10":{"name":"handleTooltipOnMouseOver","decl":{"start":{"line":167,"column":9},"end":{"line":167,"column":33}},"loc":{"start":{"line":167,"column":33},"end":{"line":202,"column":1}}},"11":{"name":"handleTooltipOnMouseLeave","decl":{"start":{"line":207,"column":9},"end":{"line":207,"column":34}},"loc":{"start":{"line":207,"column":34},"end":{"line":218,"column":1}}},"12":{"name":"loadOptions","decl":{"start":{"line":220,"column":15},"end":{"line":220,"column":26}},"loc":{"start":{"line":220,"column":26},"end":{"line":249,"column":null}}},"13":{"name":"getFastRewindSVG","decl":{"start":{"line":251,"column":16},"end":{"line":251,"column":32}},"loc":{"start":{"line":254,"column":26},"end":{"line":265,"column":1}}},"14":{"name":"getFastForwardSVG","decl":{"start":{"line":267,"column":9},"end":{"line":267,"column":26}},"loc":{"start":{"line":270,"column":26},"end":{"line":281,"column":1}}},"15":{"name":"getRewindButtonTitle","decl":{"start":{"line":283,"column":9},"end":{"line":283,"column":29}},"loc":{"start":{"line":285,"column":29},"end":{"line":290,"column":1}}},"16":{"name":"getForwardButtonTitle","decl":{"start":{"line":292,"column":9},"end":{"line":292,"column":30}},"loc":{"start":{"line":294,"column":29},"end":{"line":299,"column":1}}},"17":{"name":"getButtons","decl":{"start":{"line":301,"column":9},"end":{"line":301,"column":19}},"loc":{"start":{"line":304,"column":35},"end":{"line":345,"column":1}}},"18":{"name":"(anonymous_37)","decl":{"start":{"line":325,"column":45},"end":{"line":325,"column":null}},"loc":{"start":{"line":325,"column":45},"end":{"line":326,"column":22}}},"19":{"name":"(anonymous_38)","decl":{"start":{"line":332,"column":46},"end":{"line":332,"column":null}},"loc":{"start":{"line":332,"column":46},"end":{"line":333,"column":22}}},"20":{"name":"run","decl":{"start":{"line":347,"column":22},"end":{"line":347,"column":25}},"loc":{"start":{"line":347,"column":25},"end":{"line":396,"column":null}}},"21":{"name":"(anonymous_42)","decl":{"start":{"line":392,"column":6},"end":{"line":392,"column":7}},"loc":{"start":{"line":392,"column":12},"end":{"line":392,"column":34}}},"22":{"name":"updateButtons","decl":{"start":{"line":398,"column":9},"end":{"line":398,"column":22}},"loc":{"start":{"line":398,"column":43},"end":{"line":413,"column":1}}},"23":{"name":"(anonymous_44)","decl":{"start":{"line":416,"column":2},"end":{"line":416,"column":3}},"loc":{"start":{"line":416,"column":59},"end":{"line":435,"column":3}}}},"branchMap":{"0":{"loc":{"start":{"line":1,"column":5},"end":{"line":1,"column":null}},"type":"binary-expr","locations":[{"start":{"line":1,"column":5},"end":{"line":1,"column":13}},{"start":{"line":1,"column":5},"end":{"line":1,"column":null}}]},"1":{"loc":{"start":{"line":34,"column":5},"end":{"line":34,"column":null}},"type":"binary-expr","locations":[{"start":{"line":34,"column":5},"end":{"line":34,"column":21}},{"start":{"line":34,"column":5},"end":{"line":34,"column":null}}]},"2":{"loc":{"start":{"line":49,"column":2},"end":{"line":51,"column":null}},"type":"if","locations":[{"start":{"line":49,"column":2},"end":{"line":51,"column":null}}]},"3":{"loc":{"start":{"line":65,"column":2},"end":{"line":69,"column":null}},"type":"if","locations":[{"start":{"line":65,"column":2},"end":{"line":69,"column":null}},{"start":{"line":67,"column":9},"end":{"line":69,"column":null}}]},"4":{"loc":{"start":{"line":73,"column":2},"end":{"line":80,"column":null}},"type":"switch","locations":[{"start":{"line":74,"column":4},"end":{"line":75,"column":35}},{"start":{"line":76,"column":4},"end":{"line":77,"column":36}},{"start":{"line":78,"column":4},"end":{"line":79,"column":15}}]},"5":{"loc":{"start":{"line":84,"column":2},"end":{"line":88,"column":null}},"type":"if","locations":[{"start":{"line":84,"column":2},"end":{"line":88,"column":null}},{"start":{"line":86,"column":9},"end":{"line":88,"column":null}}]},"6":{"loc":{"start":{"line":86,"column":9},"end":{"line":88,"column":null}},"type":"if","locations":[{"start":{"line":86,"column":9},"end":{"line":88,"column":null}}]},"7":{"loc":{"start":{"line":96,"column":2},"end":{"line":100,"column":null}},"type":"if","locations":[{"start":{"line":96,"column":2},"end":{"line":100,"column":null}},{"start":{"line":98,"column":9},"end":{"line":100,"column":null}}]},"8":{"loc":{"start":{"line":114,"column":4},"end":{"line":117,"column":75}},"type":"binary-expr","locations":[{"start":{"line":114,"column":4},"end":{"line":114,"column":37}},{"start":{"line":115,"column":4},"end":{"line":115,"column":31}},{"start":{"line":116,"column":5},"end":{"line":116,"column":41}},{"start":{"line":116,"column":45},"end":{"line":116,"column":72}},{"start":{"line":117,"column":5},"end":{"line":117,"column":42}},{"start":{"line":117,"column":46},"end":{"line":117,"column":74}}]},"9":{"loc":{"start":{"line":126,"column":2},"end":{"line":128,"column":null}},"type":"if","locations":[{"start":{"line":126,"column":2},"end":{"line":128,"column":null}}]},"10":{"loc":{"start":{"line":145,"column":2},"end":{"line":147,"column":null}},"type":"if","locations":[{"start":{"line":145,"column":2},"end":{"line":147,"column":null}}]},"11":{"loc":{"start":{"line":154,"column":2},"end":{"line":156,"column":null}},"type":"if","locations":[{"start":{"line":154,"column":2},"end":{"line":156,"column":null}}]},"12":{"loc":{"start":{"line":154,"column":6},"end":{"line":154,"column":43}},"type":"binary-expr","locations":[{"start":{"line":154,"column":6},"end":{"line":154,"column":23}},{"start":{"line":154,"column":27},"end":{"line":154,"column":43}}]},"13":{"loc":{"start":{"line":175,"column":2},"end":{"line":178,"column":null}},"type":"if","locations":[{"start":{"line":175,"column":2},"end":{"line":178,"column":null}}]},"14":{"loc":{"start":{"line":182,"column":4},"end":{"line":182,"column":70}},"type":"cond-expr","locations":[{"start":{"line":182,"column":65},"end":{"line":182,"column":69}},{"start":{"line":182,"column":69},"end":{"line":182,"column":70}}]},"15":{"loc":{"start":{"line":182,"column":4},"end":{"line":182,"column":69}},"type":"binary-expr","locations":[{"start":{"line":182,"column":4},"end":{"line":182,"column":69}},{"start":{"line":182,"column":65},"end":{"line":182,"column":69}}]},"16":{"loc":{"start":{"line":182,"column":4},"end":{"line":182,"column":65}},"type":"cond-expr","locations":[{"start":{"line":182,"column":51},"end":{"line":182,"column":53}},{"start":{"line":182,"column":51},"end":{"line":182,"column":65}}]},"17":{"loc":{"start":{"line":182,"column":4},"end":{"line":182,"column":53}},"type":"binary-expr","locations":[{"start":{"line":182,"column":4},"end":{"line":182,"column":53}},{"start":{"line":182,"column":51},"end":{"line":182,"column":53}}]},"18":{"loc":{"start":{"line":232,"column":43},"end":{"line":232,"column":72}},"type":"cond-expr","locations":[{"start":{"line":232,"column":57},"end":{"line":232,"column":59}},{"start":{"line":232,"column":43},"end":{"line":232,"column":72}}]},"19":{"loc":{"start":{"line":232,"column":43},"end":{"line":232,"column":59}},"type":"binary-expr","locations":[{"start":{"line":232,"column":43},"end":{"line":232,"column":59}},{"start":{"line":232,"column":43},"end":{"line":232,"column":59}}]},"20":{"loc":{"start":{"line":233,"column":44},"end":{"line":233,"column":74}},"type":"cond-expr","locations":[{"start":{"line":233,"column":58},"end":{"line":233,"column":60}},{"start":{"line":233,"column":44},"end":{"line":233,"column":74}}]},"21":{"loc":{"start":{"line":233,"column":44},"end":{"line":233,"column":60}},"type":"binary-expr","locations":[{"start":{"line":233,"column":44},"end":{"line":233,"column":60}},{"start":{"line":233,"column":44},"end":{"line":233,"column":60}}]},"22":{"loc":{"start":{"line":236,"column":21},"end":{"line":238,"column":38}},"type":"cond-expr","locations":[{"start":{"line":237,"column":10},"end":{"line":237,"column":23}},{"start":{"line":238,"column":10},"end":{"line":238,"column":38}}]},"23":{"loc":{"start":{"line":239,"column":22},"end":{"line":241,"column":39}},"type":"cond-expr","locations":[{"start":{"line":240,"column":10},"end":{"line":240,"column":24}},{"start":{"line":241,"column":10},"end":{"line":241,"column":39}}]},"24":{"loc":{"start":{"line":243,"column":8},"end":{"line":243,"column":79}},"type":"cond-expr","locations":[{"start":{"line":243,"column":42},"end":{"line":243,"column":46}},{"start":{"line":243,"column":46},"end":{"line":243,"column":79}}]},"25":{"loc":{"start":{"line":243,"column":8},"end":{"line":243,"column":46}},"type":"binary-expr","locations":[{"start":{"line":243,"column":8},"end":{"line":243,"column":46}},{"start":{"line":243,"column":42},"end":{"line":243,"column":46}}]},"26":{"loc":{"start":{"line":243,"column":8},"end":{"line":243,"column":42}},"type":"cond-expr","locations":[{"start":{"line":243,"column":22},"end":{"line":243,"column":24}},{"start":{"line":243,"column":8},"end":{"line":243,"column":42}}]},"27":{"loc":{"start":{"line":243,"column":8},"end":{"line":243,"column":24}},"type":"binary-expr","locations":[{"start":{"line":243,"column":8},"end":{"line":243,"column":24}},{"start":{"line":243,"column":8},"end":{"line":243,"column":24}}]},"28":{"loc":{"start":{"line":288,"column":4},"end":{"line":288,"column":62}},"type":"cond-expr","locations":[{"start":{"line":288,"column":42},"end":{"line":288,"column":57}},{"start":{"line":288,"column":60},"end":{"line":288,"column":62}}]},"29":{"loc":{"start":{"line":288,"column":4},"end":{"line":288,"column":39}},"type":"binary-expr","locations":[{"start":{"line":288,"column":4},"end":{"line":288,"column":22}},{"start":{"line":288,"column":26},"end":{"line":288,"column":39}}]},"30":{"loc":{"start":{"line":297,"column":4},"end":{"line":297,"column":63}},"type":"cond-expr","locations":[{"start":{"line":297,"column":42},"end":{"line":297,"column":58}},{"start":{"line":297,"column":61},"end":{"line":297,"column":63}}]},"31":{"loc":{"start":{"line":297,"column":4},"end":{"line":297,"column":39}},"type":"binary-expr","locations":[{"start":{"line":297,"column":4},"end":{"line":297,"column":22}},{"start":{"line":297,"column":26},"end":{"line":297,"column":39}}]},"32":{"loc":{"start":{"line":348,"column":28},"end":{"line":348,"column":null}},"type":"switch","locations":[{"start":{"line":348,"column":28},"end":{"line":348,"column":null}}]},"33":{"loc":{"start":{"line":356,"column":2},"end":{"line":395,"column":null}},"type":"if","locations":[{"start":{"line":356,"column":2},"end":{"line":395,"column":null}}]},"34":{"loc":{"start":{"line":356,"column":6},"end":{"line":356,"column":33}},"type":"binary-expr","locations":[{"start":{"line":356,"column":6},"end":{"line":356,"column":16}},{"start":{"line":356,"column":20},"end":{"line":356,"column":33}}]},"35":{"loc":{"start":{"line":356,"column":6},"end":{"line":356,"column":16}},"type":"cond-expr","locations":[{"start":{"line":356,"column":11},"end":{"line":356,"column":13}},{"start":{"line":356,"column":6},"end":{"line":356,"column":16}}]},"36":{"loc":{"start":{"line":356,"column":6},"end":{"line":356,"column":13}},"type":"binary-expr","locations":[{"start":{"line":356,"column":6},"end":{"line":356,"column":13}},{"start":{"line":356,"column":6},"end":{"line":356,"column":13}}]},"37":{"loc":{"start":{"line":360,"column":4},"end":{"line":363,"column":null}},"type":"if","locations":[{"start":{"line":360,"column":4},"end":{"line":363,"column":null}}]},"38":{"loc":{"start":{"line":367,"column":10},"end":{"line":367,"column":64}},"type":"cond-expr","locations":[{"start":{"line":367,"column":58},"end":{"line":367,"column":62}},{"start":{"line":367,"column":62},"end":{"line":367,"column":64}}]},"39":{"loc":{"start":{"line":367,"column":10},"end":{"line":367,"column":62}},"type":"binary-expr","locations":[{"start":{"line":367,"column":10},"end":{"line":367,"column":62}},{"start":{"line":367,"column":58},"end":{"line":367,"column":62}}]},"40":{"loc":{"start":{"line":367,"column":10},"end":{"line":367,"column":58}},"type":"cond-expr","locations":[{"start":{"line":367,"column":47},"end":{"line":367,"column":49}},{"start":{"line":367,"column":47},"end":{"line":367,"column":58}}]},"41":{"loc":{"start":{"line":367,"column":10},"end":{"line":367,"column":49}},"type":"binary-expr","locations":[{"start":{"line":367,"column":10},"end":{"line":367,"column":49}},{"start":{"line":367,"column":47},"end":{"line":367,"column":49}}]},"42":{"loc":{"start":{"line":370,"column":10},"end":{"line":371,"column":25}},"type":"cond-expr","locations":[{"start":{"line":371,"column":19},"end":{"line":371,"column":23}},{"start":{"line":371,"column":23},"end":{"line":371,"column":25}}]},"43":{"loc":{"start":{"line":370,"column":10},"end":{"line":371,"column":23}},"type":"binary-expr","locations":[{"start":{"line":370,"column":10},"end":{"line":371,"column":23}},{"start":{"line":371,"column":19},"end":{"line":371,"column":23}}]},"44":{"loc":{"start":{"line":370,"column":10},"end":{"line":371,"column":19}},"type":"cond-expr","locations":[{"start":{"line":370,"column":70},"end":{"line":370,"column":null}},{"start":{"line":370,"column":70},"end":{"line":371,"column":19}}]},"45":{"loc":{"start":{"line":370,"column":10},"end":{"line":370,"column":null}},"type":"binary-expr","locations":[{"start":{"line":370,"column":10},"end":{"line":370,"column":null}},{"start":{"line":370,"column":70},"end":{"line":370,"column":null}}]},"46":{"loc":{"start":{"line":370,"column":10},"end":{"line":370,"column":70}},"type":"cond-expr","locations":[{"start":{"line":370,"column":47},"end":{"line":370,"column":49}},{"start":{"line":370,"column":47},"end":{"line":370,"column":70}}]},"47":{"loc":{"start":{"line":370,"column":10},"end":{"line":370,"column":49}},"type":"binary-expr","locations":[{"start":{"line":370,"column":10},"end":{"line":370,"column":49}},{"start":{"line":370,"column":47},"end":{"line":370,"column":49}}]},"48":{"loc":{"start":{"line":374,"column":6},"end":{"line":375,"column":8}},"type":"cond-expr","locations":[{"start":{"line":374,"column":76},"end":{"line":374,"column":null}},{"start":{"line":375,"column":6},"end":{"line":375,"column":8}}]},"49":{"loc":{"start":{"line":374,"column":6},"end":{"line":374,"column":null}},"type":"binary-expr","locations":[{"start":{"line":374,"column":6},"end":{"line":374,"column":null}},{"start":{"line":374,"column":76},"end":{"line":374,"column":null}}]},"50":{"loc":{"start":{"line":374,"column":6},"end":{"line":374,"column":76}},"type":"cond-expr","locations":[{"start":{"line":374,"column":65},"end":{"line":374,"column":67}},{"start":{"line":374,"column":65},"end":{"line":374,"column":76}}]},"51":{"loc":{"start":{"line":374,"column":6},"end":{"line":374,"column":67}},"type":"binary-expr","locations":[{"start":{"line":374,"column":6},"end":{"line":374,"column":67}},{"start":{"line":374,"column":65},"end":{"line":374,"column":67}}]},"52":{"loc":{"start":{"line":374,"column":6},"end":{"line":374,"column":65}},"type":"cond-expr","locations":[{"start":{"line":374,"column":43},"end":{"line":374,"column":45}},{"start":{"line":374,"column":43},"end":{"line":374,"column":65}}]},"53":{"loc":{"start":{"line":374,"column":6},"end":{"line":374,"column":45}},"type":"binary-expr","locations":[{"start":{"line":374,"column":6},"end":{"line":374,"column":45}},{"start":{"line":374,"column":43},"end":{"line":374,"column":45}}]},"54":{"loc":{"start":{"line":417,"column":51},"end":{"line":420,"column":12}},"type":"cond-expr","locations":[{"start":{"line":419,"column":8},"end":{"line":419,"column":56}},{"start":{"line":420,"column":8},"end":{"line":420,"column":12}}]},"55":{"loc":{"start":{"line":417,"column":51},"end":{"line":418,"column":16}},"type":"cond-expr","locations":[{"start":{"line":417,"column":76},"end":{"line":417,"column":null}},{"start":{"line":417,"column":76},"end":{"line":418,"column":16}}]},"56":{"loc":{"start":{"line":417,"column":51},"end":{"line":417,"column":null}},"type":"binary-expr","locations":[{"start":{"line":417,"column":51},"end":{"line":417,"column":null}},{"start":{"line":417,"column":76},"end":{"line":417,"column":null}}]},"57":{"loc":{"start":{"line":421,"column":50},"end":{"line":424,"column":12}},"type":"cond-expr","locations":[{"start":{"line":423,"column":8},"end":{"line":423,"column":55}},{"start":{"line":424,"column":8},"end":{"line":424,"column":12}}]},"58":{"loc":{"start":{"line":421,"column":50},"end":{"line":422,"column":16}},"type":"cond-expr","locations":[{"start":{"line":421,"column":74},"end":{"line":421,"column":null}},{"start":{"line":421,"column":74},"end":{"line":422,"column":16}}]},"59":{"loc":{"start":{"line":421,"column":50},"end":{"line":421,"column":null}},"type":"binary-expr","locations":[{"start":{"line":421,"column":50},"end":{"line":421,"column":null}},{"start":{"line":421,"column":74},"end":{"line":421,"column":null}}]},"60":{"loc":{"start":{"line":427,"column":22},"end":{"line":427,"column":74}},"type":"cond-expr","locations":[{"start":{"line":427,"column":22},"end":{"line":427,"column":42}},{"start":{"line":427,"column":46},"end":{"line":427,"column":74}}]},"61":{"loc":{"start":{"line":427,"column":22},"end":{"line":427,"column":46}},"type":"binary-expr","locations":[{"start":{"line":427,"column":22},"end":{"line":427,"column":46}},{"start":{"line":427,"column":22},"end":{"line":427,"column":46}}]},"62":{"loc":{"start":{"line":428,"column":21},"end":{"line":428,"column":71}},"type":"cond-expr","locations":[{"start":{"line":428,"column":21},"end":{"line":428,"column":40}},{"start":{"line":428,"column":44},"end":{"line":428,"column":71}}]},"63":{"loc":{"start":{"line":428,"column":21},"end":{"line":428,"column":44}},"type":"binary-expr","locations":[{"start":{"line":428,"column":21},"end":{"line":428,"column":44}},{"start":{"line":428,"column":21},"end":{"line":428,"column":44}}]},"64":{"loc":{"start":{"line":430,"column":8},"end":{"line":431,"column":40}},"type":"cond-expr","locations":[{"start":{"line":430,"column":47},"end":{"line":430,"column":null}},{"start":{"line":431,"column":8},"end":{"line":431,"column":40}}]},"65":{"loc":{"start":{"line":430,"column":8},"end":{"line":430,"column":null}},"type":"binary-expr","locations":[{"start":{"line":430,"column":8},"end":{"line":430,"column":null}},{"start":{"line":430,"column":47},"end":{"line":430,"column":null}}]},"66":{"loc":{"start":{"line":430,"column":8},"end":{"line":430,"column":47}},"type":"cond-expr","locations":[{"start":{"line":430,"column":37},"end":{"line":430,"column":39}},{"start":{"line":430,"column":37},"end":{"line":430,"column":47}}]},"67":{"loc":{"start":{"line":430,"column":8},"end":{"line":430,"column":39}},"type":"binary-expr","locations":[{"start":{"line":430,"column":8},"end":{"line":430,"column":39}},{"start":{"line":430,"column":37},"end":{"line":430,"column":39}}]}},"s":{"0":1,"1":1,"2":1,"3":1,"4":1,"5":1,"6":1,"7":1,"8":1,"9":2,"10":2,"11":2,"12":2,"13":2,"14":2,"15":2,"16":2,"17":2,"18":2,"19":2,"20":2,"21":1,"22":0,"23":0,"24":0,"25":0,"26":0,"27":0,"28":0,"29":0,"30":0,"31":0,"32":0,"33":0,"34":0,"35":0,"36":0,"37":0,"38":0,"39":0,"40":0,"41":0,"42":0,"43":0,"44":0,"45":1,"46":0,"47":0,"48":0,"49":0,"50":0,"51":0,"52":0,"53":0,"54":0,"55":0,"56":0,"57":0,"58":1,"59":0,"60":0,"61":0,"62":0,"63":0,"64":0,"65":0,"66":0,"67":0,"68":0,"69":0,"70":0,"71":0,"72":0,"73":0,"74":0,"75":0,"76":0,"77":0,"78":0,"79":0,"80":0,"81":0,"82":0,"83":0,"84":0,"85":0,"86":0,"87":0,"88":0,"89":0,"90":2,"91":2,"92":2,"93":2,"94":2,"95":2,"96":0,"97":0,"98":3,"99":1,"100":1,"101":1,"102":1,"103":1,"104":1,"105":1,"106":1,"107":1,"108":3,"109":3,"110":1,"111":1,"112":1,"113":0,"114":1,"115":0,"116":1,"117":1,"118":1,"119":1,"120":1,"121":1,"122":2,"123":2,"124":2,"125":2,"126":2,"127":2,"128":1,"129":1,"130":0,"131":0,"132":1,"133":1,"134":1,"135":1,"136":1,"137":1,"138":1,"139":0,"140":1,"141":0,"142":0,"143":0,"144":0,"145":0,"146":1,"147":0,"148":0,"149":0,"150":0,"151":0,"152":1},"f":{"0":1,"1":1,"2":2,"3":0,"4":0,"5":0,"6":0,"7":0,"8":0,"9":0,"10":0,"11":0,"12":2,"13":3,"14":1,"15":1,"16":1,"17":1,"18":0,"19":0,"20":2,"21":0,"22":0,"23":0},"b":{"0":[1,1],"1":[1,1],"2":[2],"3":[0,0],"4":[0,0,0],"5":[0,0],"6":[0],"7":[0,0],"8":[0,0,0,0,0,0],"9":[0],"10":[0],"11":[0],"12":[0,0],"13":[0],"14":[0,0],"15":[0,0],"16":[0,0],"17":[0,0],"18":[2,0],"19":[2,2],"20":[2,0],"21":[2,2],"22":[0,2],"23":[0,2],"24":[0,2],"25":[2,2],"26":[2,0],"27":[2,2],"28":[1,0],"29":[1,1],"30":[1,0],"31":[1,1],"32":[2],"33":[1],"34":[2,2],"35":[0,2],"36":[2,2],"37":[0],"38":[1,0],"39":[1,1],"40":[0,1],"41":[1,1],"42":[1,0],"43":[1,1],"44":[0,1],"45":[1,1],"46":[0,1],"47":[1,1],"48":[1,0],"49":[1,1],"50":[0,1],"51":[1,1],"52":[0,1],"53":[1,1],"54":[0,0],"55":[0,0],"56":[0,0],"57":[0,0],"58":[0,0],"59":[0,0],"60":[0,0],"61":[0,0],"62":[0,0],"63":[0,0],"64":[0,0],"65":[0,0],"66":[0,0],"67":[0,0]}}
}
