TN:
SF:src\content\content.ts
FN:1,(anonymous_17)
FN:34,(anonymous_18)
FN:42,createButton
FN:55,simulateKey
FN:72,getSeconds
FN:83,updateVideoTime
FN:91,handleArrowButtons
FN:109,isShouldSkipOverrideKeys
FN:121,overrideArrowKeys
FN:137,getElementsForTooltipCalculation
FN:167,handleTooltipOnMouseOver
FN:207,handleTooltipOnMouseLeave
FN:220,loadOptions
FN:251,getFastRewindSVG
FN:267,getFastForwardSVG
FN:283,getRewindButtonTitle
FN:292,getForwardButtonTitle
FN:301,getButtons
FN:325,(anonymous_37)
FN:332,(anonymous_38)
FN:347,run
FN:392,(anonymous_42)
FN:398,updateButtons
FN:416,(anonymous_44)
FNF:24
FNH:10
FNDA:1,(anonymous_17)
FNDA:1,(anonymous_18)
FNDA:2,createButton
FNDA:0,simulateKey
FNDA:0,getSeconds
FNDA:0,updateVideoTime
FNDA:0,handleArrowButtons
FNDA:0,isShouldSkipOverrideKeys
FNDA:0,overrideArrowKeys
FNDA:0,getElementsForTooltipCalculation
FNDA:0,handleTooltipOnMouseOver
FNDA:0,handleTooltipOnMouseLeave
FNDA:2,loadOptions
FNDA:3,getFastRewindSVG
FNDA:1,getFastForwardSVG
FNDA:1,getRewindButtonTitle
FNDA:1,getForwardButtonTitle
FNDA:1,getButtons
FNDA:0,(anonymous_37)
FNDA:0,(anonymous_38)
FNDA:2,run
FNDA:0,(anonymous_42)
FNDA:0,updateButtons
FNDA:0,(anonymous_44)
DA:1,1
DA:2,1
DA:3,1
DA:24,1
DA:29,1
DA:34,1
DA:35,1
DA:36,1
DA:37,1
DA:42,2
DA:43,2
DA:44,2
DA:45,2
DA:46,2
DA:47,2
DA:48,2
DA:49,2
DA:50,2
DA:52,2
DA:56,0
DA:64,0
DA:65,0
DA:66,0
DA:68,0
DA:73,0
DA:75,0
DA:77,0
DA:79,0
DA:83,0
DA:84,0
DA:85,0
DA:86,0
DA:87,0
DA:92,0
DA:93,0
DA:94,0
DA:96,0
DA:97,0
DA:99,0
DA:113,0
DA:126,0
DA:127,0
DA:129,0
DA:130,0
DA:141,0
DA:145,0
DA:146,0
DA:149,0
DA:150,0
DA:154,0
DA:155,0
DA:158,0
DA:168,0
DA:169,0
DA:173,0
DA:175,0
DA:176,0
DA:177,0
DA:180,0
DA:182,0
DA:183,0
DA:185,0
DA:188,0
DA:189,0
DA:190,0
DA:191,0
DA:192,0
DA:193,0
DA:194,0
DA:195,0
DA:196,0
DA:197,0
DA:198,0
DA:201,0
DA:208,0
DA:209,0
DA:211,0
DA:214,0
DA:215,0
DA:216,0
DA:217,0
DA:221,2
DA:228,2
DA:232,2
DA:233,2
DA:235,2
DA:246,0
DA:247,0
DA:251,1
DA:256,3
DA:272,1
DA:288,1
DA:289,1
DA:297,1
DA:298,1
DA:309,3
DA:310,3
DA:313,1
DA:318,1
DA:325,1
DA:326,0
DA:332,1
DA:333,0
DA:339,1
DA:340,1
DA:341,1
DA:342,1
DA:344,1
DA:347,1
DA:348,2
DA:349,2
DA:350,2
DA:351,2
DA:356,2
DA:357,1
DA:360,1
DA:361,0
DA:362,0
DA:366,1
DA:369,1
DA:373,1
DA:377,1
DA:388,1
DA:389,1
DA:390,1
DA:392,0
DA:399,0
DA:401,0
DA:404,0
DA:408,0
DA:409,0
DA:415,1
DA:417,0
DA:421,0
DA:426,0
DA:433,0
DA:434,0
DA:438,1
DA:442,1
DA:444,1
DA:445,1
DA:446,1
DA:447,1
DA:448,1
DA:449,1
LF:145
LH:66
BRDA:1,0,0,1
BRDA:1,0,1,1
BRDA:34,1,0,1
BRDA:34,1,1,1
BRDA:49,2,0,2
BRDA:65,3,0,0
BRDA:65,3,1,0
BRDA:73,4,0,0
BRDA:73,4,1,0
BRDA:73,4,2,0
BRDA:84,5,0,0
BRDA:84,5,1,0
BRDA:86,6,0,0
BRDA:96,7,0,0
BRDA:96,7,1,0
BRDA:114,8,0,0
BRDA:114,8,1,0
BRDA:114,8,2,0
BRDA:114,8,3,0
BRDA:114,8,4,0
BRDA:114,8,5,0
BRDA:126,9,0,0
BRDA:145,10,0,0
BRDA:154,11,0,0
BRDA:154,12,0,0
BRDA:154,12,1,0
BRDA:175,13,0,0
BRDA:182,14,0,0
BRDA:182,14,1,0
BRDA:182,15,0,0
BRDA:182,15,1,0
BRDA:182,16,0,0
BRDA:182,16,1,0
BRDA:182,17,0,0
BRDA:182,17,1,0
BRDA:232,18,0,2
BRDA:232,18,1,0
BRDA:232,19,0,2
BRDA:232,19,1,2
BRDA:233,20,0,2
BRDA:233,20,1,0
BRDA:233,21,0,2
BRDA:233,21,1,2
BRDA:236,22,0,0
BRDA:236,22,1,2
BRDA:239,23,0,0
BRDA:239,23,1,2
BRDA:243,24,0,0
BRDA:243,24,1,2
BRDA:243,25,0,2
BRDA:243,25,1,2
BRDA:243,26,0,2
BRDA:243,26,1,0
BRDA:243,27,0,2
BRDA:243,27,1,2
BRDA:288,28,0,1
BRDA:288,28,1,0
BRDA:288,29,0,1
BRDA:288,29,1,1
BRDA:297,30,0,1
BRDA:297,30,1,0
BRDA:297,31,0,1
BRDA:297,31,1,1
BRDA:348,32,0,2
BRDA:356,33,0,1
BRDA:356,34,0,2
BRDA:356,34,1,2
BRDA:356,35,0,0
BRDA:356,35,1,2
BRDA:356,36,0,2
BRDA:356,36,1,2
BRDA:360,37,0,0
BRDA:367,38,0,1
BRDA:367,38,1,0
BRDA:367,39,0,1
BRDA:367,39,1,1
BRDA:367,40,0,0
BRDA:367,40,1,1
BRDA:367,41,0,1
BRDA:367,41,1,1
BRDA:370,42,0,1
BRDA:370,42,1,0
BRDA:370,43,0,1
BRDA:370,43,1,1
BRDA:370,44,0,0
BRDA:370,44,1,1
BRDA:370,45,0,1
BRDA:370,45,1,1
BRDA:370,46,0,0
BRDA:370,46,1,1
BRDA:370,47,0,1
BRDA:370,47,1,1
BRDA:374,48,0,1
BRDA:374,48,1,0
BRDA:374,49,0,1
BRDA:374,49,1,1
BRDA:374,50,0,0
BRDA:374,50,1,1
BRDA:374,51,0,1
BRDA:374,51,1,1
BRDA:374,52,0,0
BRDA:374,52,1,1
BRDA:374,53,0,1
BRDA:374,53,1,1
BRDA:417,54,0,0
BRDA:417,54,1,0
BRDA:417,55,0,0
BRDA:417,55,1,0
BRDA:417,56,0,0
BRDA:417,56,1,0
BRDA:421,57,0,0
BRDA:421,57,1,0
BRDA:421,58,0,0
BRDA:421,58,1,0
BRDA:421,59,0,0
BRDA:421,59,1,0
BRDA:427,60,0,0
BRDA:427,60,1,0
BRDA:427,61,0,0
BRDA:427,61,1,0
BRDA:428,62,0,0
BRDA:428,62,1,0
BRDA:428,63,0,0
BRDA:428,63,1,0
BRDA:430,64,0,0
BRDA:430,64,1,0
BRDA:430,65,0,0
BRDA:430,65,1,0
BRDA:430,66,0,0
BRDA:430,66,1,0
BRDA:430,67,0,0
BRDA:430,67,1,0
BRF:132
BRH:56
end_of_record
